<?xml version="1.0" encoding="UTF-8"?>
<!-- Generated by org.testng.reporters.JUnitReportReporter -->
<testsuite hostname="MTP-D1ML32170" failures="0" tests="1" name="com.scripts.QAClickAcademy" time="13.458" errors="0" timestamp="2019-12-28T22:11:45 IST" skipped="0">
  <testcase classname="com.scripts.QAClickAcademy" name="webTable" time="13.458"/>
</testsuite> <!-- com.scripts.QAClickAcademy -->
